<?xml version="1.0" encoding="UTF-8"?>
<!-- Generated by org.testng.reporters.JUnitXMLReporter -->
<testsuite ignored="0" hostname="Navaneeth" failures="0" tests="4" name="Test" time="0.047" errors="0" timestamp="05 Jan 2019 08:03:47 GMT">
  <testcase classname="com.mymaven.app.APITest" name="apiAuto" time="0.016"/>
  <testcase classname="com.mymaven.app.APITest" name="apiUI" time="0.0"/>
  <testcase classname="com.mymaven.app.SeleniumTest" name="seleniumAuto" time="0.0"/>
  <testcase classname="com.mymaven.app.SeleniumTest" name="seleniumUI" time="0.0"/>
</testsuite> <!-- Test -->
